0 info it worked if it ends with ok
1 verbose cli [ 'C:\\Program Files\\nodejs\\node.exe',
1 verbose cli   'C:\\Program Files\\nodejs\\node_modules\\npm\\bin\\npm-cli.js',
1 verbose cli   'version',
1 verbose cli   'patch',
1 verbose cli   '--no-git-tag-version' ]
2 info using npm@3.10.10
3 info using node@v6.11.2
4 error version No valid package.json found
5 verbose stack SyntaxError: Unexpected token < in JSON at position 26
5 verbose stack     at Object.parse (native)
5 verbose stack     at C:\Program Files\nodejs\node_modules\npm\lib\version.js:114:19
5 verbose stack     at C:\Program Files\nodejs\node_modules\npm\node_modules\graceful-fs\graceful-fs.js:78:16
5 verbose stack     at FSReqWrap.readFileAfterClose [as oncomplete] (fs.js:446:3)
6 verbose cwd D:\WebSitesDev\jspublishing\controlpanel\Batch\devextreme
7 error Windows_NT 6.3.9600
8 error argv "C:\\Program Files\\nodejs\\node.exe" "C:\\Program Files\\nodejs\\node_modules\\npm\\bin\\npm-cli.js" "version" "patch" "--no-git-tag-version"
9 error node v6.11.2
10 error npm  v3.10.10
11 error Unexpected token < in JSON at position 26
12 error If you need help, you may report this error at:
12 error     <https://github.com/npm/npm/issues>
13 verbose exit [ 1, true ]
